This is pdfTeX, Version 3.141592653-2.6-1.40.24 (TeX Live 2022) (preloaded format=pdflatex 2022.11.9)  20 JUN 2023 19:35
entering extended mode
 restricted \write18 enabled.
 file:line:error style messages enabled.
 %&-line parsing enabled.
**/Users/constantin/git/Machine-Learning/Abgabe/Arbeit.tex
(/Users/constantin/git/Machine-Learning/Abgabe/Arbeit.tex
LaTeX2e <2021-11-15> patch level 1
L3 programming layer <2022-02-24> (/usr/local/texlive/2022/texmf-dist/tex/latex/base/article.cls
Document Class: article 2021/10/04 v1.4n Standard LaTeX document class
(/usr/local/texlive/2022/texmf-dist/tex/latex/base/size12.clo
File: size12.clo 2021/10/04 v1.4n Standard LaTeX file (size option)
)
\c@part=\count185
\c@section=\count186
\c@subsection=\count187
\c@subsubsection=\count188
\c@paragraph=\count189
\c@subparagraph=\count190
\c@figure=\count191
\c@table=\count192
\abovecaptionskip=\skip47
\belowcaptionskip=\skip48
\bibindent=\dimen138
) (/usr/local/texlive/2022/texmf-dist/tex/generic/babel/babel.sty
Package: babel 2022/02/26 3.73 The Babel package
\babel@savecnt=\count193
\U@D=\dimen139
\l@unhyphenated=\language87
 (/usr/local/texlive/2022/texmf-dist/tex/generic/babel/txtbabel.def)
\bbl@readstream=\read2
\bbl@dirlevel=\count194
 (/usr/local/texlive/2022/texmf-dist/tex/generic/babel-german/ngerman.ldf
Language: ngerman 2021/02/27 v2.13 German support for babel (post-1996 orthography)
 (/usr/local/texlive/2022/texmf-dist/tex/generic/babel-german/ngermanb.ldf
Language: ngermanb 2021/02/27 v2.13 German support for babel (post-1996 orthography)
Package babel Info: Making " an active character on input line 122.
))) (/usr/local/texlive/2022/texmf-dist/tex/latex/graphics/color.sty
Package: color 2021/12/07 v1.3c Standard LaTeX Color (DPC)
 (/usr/local/texlive/2022/texmf-dist/tex/latex/graphics-cfg/color.cfg
File: color.cfg 2016/01/02 v1.6 sample color configuration
)
Package color Info: Driver file: pdftex.def on input line 149.
 (/usr/local/texlive/2022/texmf-dist/tex/latex/graphics-def/pdftex.def
File: pdftex.def 2020/10/05 v1.2a Graphics/color driver for pdftex
)) (/usr/local/texlive/2022/texmf-dist/tex/latex/geometry/geometry.sty
Package: geometry 2020/01/02 v5.9 Page Geometry
 (/usr/local/texlive/2022/texmf-dist/tex/latex/graphics/keyval.sty
Package: keyval 2014/10/28 v1.15 key=value parser (DPC)
\KV@toks@=\toks16
) (/usr/local/texlive/2022/texmf-dist/tex/generic/iftex/ifvtex.sty
Package: ifvtex 2019/10/25 v1.7 ifvtex legacy package. Use iftex instead.
 (/usr/local/texlive/2022/texmf-dist/tex/generic/iftex/iftex.sty
Package: iftex 2022/02/03 v1.0f TeX engine tests
))
\Gm@cnth=\count195
\Gm@cntv=\count196
\c@Gm@tempcnt=\count197
\Gm@bindingoffset=\dimen140
\Gm@wd@mp=\dimen141
\Gm@odd@mp=\dimen142
\Gm@even@mp=\dimen143
\Gm@layoutwidth=\dimen144
\Gm@layoutheight=\dimen145
\Gm@layouthoffset=\dimen146
\Gm@layoutvoffset=\dimen147
\Gm@dimlist=\toks17
) (/usr/local/texlive/2022/texmf-dist/tex/latex/graphics/graphicx.sty
Package: graphicx 2021/09/16 v1.2d Enhanced LaTeX Graphics (DPC,SPQR)
 (/usr/local/texlive/2022/texmf-dist/tex/latex/graphics/graphics.sty
Package: graphics 2021/03/04 v1.4d Standard LaTeX Graphics (DPC,SPQR)
 (/usr/local/texlive/2022/texmf-dist/tex/latex/graphics/trig.sty
Package: trig 2021/08/11 v1.11 sin cos tan (DPC)
) (/usr/local/texlive/2022/texmf-dist/tex/latex/graphics-cfg/graphics.cfg
File: graphics.cfg 2016/06/04 v1.11 sample graphics configuration
)
Package graphics Info: Driver file: pdftex.def on input line 107.
)
\Gin@req@height=\dimen148
\Gin@req@width=\dimen149
) (/usr/local/texlive/2022/texmf-dist/tex/latex/amsfonts/amssymb.sty
Package: amssymb 2013/01/14 v3.01 AMS font symbols
 (/usr/local/texlive/2022/texmf-dist/tex/latex/amsfonts/amsfonts.sty
Package: amsfonts 2013/01/14 v3.01 Basic AMSFonts support
\@emptytoks=\toks18
\symAMSa=\mathgroup4
\symAMSb=\mathgroup5
LaTeX Font Info:    Redeclaring math symbol \hbar on input line 98.
LaTeX Font Info:    Overwriting math alphabet `\mathfrak' in version `bold'
(Font)                  U/euf/m/n --> U/euf/b/n on input line 106.
)) (/usr/local/texlive/2022/texmf-dist/tex/latex/amscls/amsthm.sty
Package: amsthm 2020/05/29 v2.20.6
\thm@style=\toks19
\thm@bodyfont=\toks20
\thm@headfont=\toks21
\thm@notefont=\toks22
\thm@headpunct=\toks23
\thm@preskip=\skip49
\thm@postskip=\skip50
\thm@headsep=\skip51
\dth@everypar=\toks24
) (/usr/local/texlive/2022/texmf-dist/tex/latex/cite/cite.sty
LaTeX Info: Redefining \cite on input line 302.
LaTeX Info: Redefining \nocite on input line 332.
Package: cite 2015/02/27  v 5.5
) (/usr/local/texlive/2022/texmf-dist/tex/latex/amsmath/amsmath.sty
Package: amsmath 2021/10/15 v2.17l AMS math features
\@mathmargin=\skip52

For additional information on amsmath, use the `?' option.
(/usr/local/texlive/2022/texmf-dist/tex/latex/amsmath/amstext.sty
Package: amstext 2021/08/26 v2.01 AMS text
 (/usr/local/texlive/2022/texmf-dist/tex/latex/amsmath/amsgen.sty
File: amsgen.sty 1999/11/30 v2.0 generic functions
\@emptytoks=\toks25
\ex@=\dimen150
)) (/usr/local/texlive/2022/texmf-dist/tex/latex/amsmath/amsbsy.sty
Package: amsbsy 1999/11/29 v1.2d Bold Symbols
\pmbraise@=\dimen151
) (/usr/local/texlive/2022/texmf-dist/tex/latex/amsmath/amsopn.sty
Package: amsopn 2021/08/26 v2.02 operator names
)
\inf@bad=\count198
LaTeX Info: Redefining \frac on input line 234.
\uproot@=\count199
\leftroot@=\count266
LaTeX Info: Redefining \overline on input line 399.
\classnum@=\count267
\DOTSCASE@=\count268
LaTeX Info: Redefining \ldots on input line 496.
LaTeX Info: Redefining \dots on input line 499.
LaTeX Info: Redefining \cdots on input line 620.
\Mathstrutbox@=\box50
\strutbox@=\box51
\big@size=\dimen152
LaTeX Font Info:    Redeclaring font encoding OML on input line 743.
LaTeX Font Info:    Redeclaring font encoding OMS on input line 744.
\macc@depth=\count269
\c@MaxMatrixCols=\count270
\dotsspace@=\muskip16
\c@parentequation=\count271
\dspbrk@lvl=\count272
\tag@help=\toks26
\row@=\count273
\column@=\count274
\maxfields@=\count275
\andhelp@=\toks27
\eqnshift@=\dimen153
\alignsep@=\dimen154
\tagshift@=\dimen155
\tagwidth@=\dimen156
\totwidth@=\dimen157
\lineht@=\dimen158
\@envbody=\toks28
\multlinegap=\skip53
\multlinetaggap=\skip54
\mathdisplay@stack=\toks29
LaTeX Info: Redefining \[ on input line 2938.
LaTeX Info: Redefining \] on input line 2939.
) (/usr/local/texlive/2022/texmf-dist/tex/latex/mathtools/mathtools.sty
Package: mathtools 2022/02/07 v1.28a mathematical typesetting tools
 (/usr/local/texlive/2022/texmf-dist/tex/latex/tools/calc.sty
Package: calc 2017/05/25 v4.3 Infix arithmetic (KKT,FJ)
\calc@Acount=\count276
\calc@Bcount=\count277
\calc@Adimen=\dimen159
\calc@Bdimen=\dimen160
\calc@Askip=\skip55
\calc@Bskip=\skip56
LaTeX Info: Redefining \setlength on input line 80.
LaTeX Info: Redefining \addtolength on input line 81.
\calc@Ccount=\count278
\calc@Cskip=\skip57
) (/usr/local/texlive/2022/texmf-dist/tex/latex/mathtools/mhsetup.sty
Package: mhsetup 2021/03/18 v1.4 programming setup (MH)
)
\g_MT_multlinerow_int=\count279
\l_MT_multwidth_dim=\dimen161
\origjot=\skip58
\l_MT_shortvdotswithinadjustabove_dim=\dimen162
\l_MT_shortvdotswithinadjustbelow_dim=\dimen163
\l_MT_above_intertext_sep=\dimen164
\l_MT_below_intertext_sep=\dimen165
\l_MT_above_shortintertext_sep=\dimen166
\l_MT_below_shortintertext_sep=\dimen167
\xmathstrut@box=\box52
\xmathstrut@dim=\dimen168
) (/usr/local/texlive/2022/texmf-dist/tex/latex/base/inputenc.sty
Package: inputenc 2021/02/14 v1.3d Input encoding file
\inpenc@prehook=\toks30
\inpenc@posthook=\toks31
) (/usr/local/texlive/2022/texmf-dist/tex/latex/base/fontenc.sty
Package: fontenc 2021/04/29 v2.0v Standard LaTeX package
) (/usr/local/texlive/2022/texmf-dist/tex/latex/caption/subcaption.sty
Package: subcaption 2022/01/07 v1.5 Sub-captions (AR)
 (/usr/local/texlive/2022/texmf-dist/tex/latex/caption/caption.sty
Package: caption 2022/03/01 v3.6b Customizing captions (AR)
 (/usr/local/texlive/2022/texmf-dist/tex/latex/caption/caption3.sty
Package: caption3 2022/03/17 v2.3b caption3 kernel (AR)
\caption@tempdima=\dimen169
\captionmargin=\dimen170
\caption@leftmargin=\dimen171
\caption@rightmargin=\dimen172
\caption@width=\dimen173
\caption@indent=\dimen174
\caption@parindent=\dimen175
\caption@hangindent=\dimen176
Package caption Info: Standard document class detected.
)
\c@caption@flags=\count280
\c@continuedfloat=\count281
)
\c@subfigure=\count282
\c@subtable=\count283
) (/usr/local/texlive/2022/texmf-dist/tex/latex/chngcntr/chngcntr.sty
Package: chngcntr 2018/04/09 v1.1a change counter resetting
Package chngcntr Info: \counterwithout already defined.
(chngcntr)             Quitting chngcntr on input line 21.
) (/usr/local/texlive/2022/texmf-dist/tex/latex/float/float.sty
Package: float 2001/11/08 v1.3d Float enhancements (AL)
\c@float@type=\count284
\float@exts=\toks32
\float@box=\box53
\@float@everytoks=\toks33
\@floatcapt=\box54
) (/usr/local/texlive/2022/texmf-dist/tex/latex/pdfpages/pdfpages.sty
Package: pdfpages 2022/01/29 v0.5u Insert pages of external PDF documents (AM)
 (/usr/local/texlive/2022/texmf-dist/tex/latex/base/ifthen.sty
Package: ifthen 2020/11/24 v1.1c Standard LaTeX ifthen package (DPC)
) (/usr/local/texlive/2022/texmf-dist/tex/latex/eso-pic/eso-pic.sty
Package: eso-pic 2020/10/14 v3.0a eso-pic (RN)
\ESO@tempdima=\dimen177
\ESO@tempdimb=\dimen178
)
\AM@pagewidth=\dimen179
\AM@pageheight=\dimen180
\AM@fboxrule=\dimen181
 (/usr/local/texlive/2022/texmf-dist/tex/latex/pdfpages/pppdftex.def
File: pppdftex.def 2022/01/29 v0.5u Pdfpages driver for pdfTeX (AM)
)
\pdfpages@includegraphics@status=\count285
\AM@pagebox=\box55
\AM@global@opts=\toks34
\AM@pagecnt=\count286
\AM@toc@title=\toks35
\c@AM@survey=\count287
\AM@templatesizebox=\box56
) (/usr/local/texlive/2022/texmf-dist/tex/latex/hyperref/hyperref.sty
Package: hyperref 2022-02-21 v7.00n Hypertext links for LaTeX
 (/usr/local/texlive/2022/texmf-dist/tex/generic/ltxcmds/ltxcmds.sty
Package: ltxcmds 2020-05-10 v1.25 LaTeX kernel commands for general use (HO)
) (/usr/local/texlive/2022/texmf-dist/tex/generic/pdftexcmds/pdftexcmds.sty
Package: pdftexcmds 2020-06-27 v0.33 Utility functions of pdfTeX for LuaTeX (HO)
 (/usr/local/texlive/2022/texmf-dist/tex/generic/infwarerr/infwarerr.sty
Package: infwarerr 2019/12/03 v1.5 Providing info/warning/error messages (HO)
)
Package pdftexcmds Info: \pdf@primitive is available.
Package pdftexcmds Info: \pdf@ifprimitive is available.
Package pdftexcmds Info: \pdfdraftmode found.
) (/usr/local/texlive/2022/texmf-dist/tex/generic/kvsetkeys/kvsetkeys.sty
Package: kvsetkeys 2019/12/15 v1.18 Key value parser (HO)
) (/usr/local/texlive/2022/texmf-dist/tex/generic/kvdefinekeys/kvdefinekeys.sty
Package: kvdefinekeys 2019-12-19 v1.6 Define keys (HO)
) (/usr/local/texlive/2022/texmf-dist/tex/generic/pdfescape/pdfescape.sty
Package: pdfescape 2019/12/09 v1.15 Implements pdfTeX's escape features (HO)
) (/usr/local/texlive/2022/texmf-dist/tex/latex/hycolor/hycolor.sty
Package: hycolor 2020-01-27 v1.10 Color options for hyperref/bookmark (HO)
) (/usr/local/texlive/2022/texmf-dist/tex/latex/letltxmacro/letltxmacro.sty
Package: letltxmacro 2019/12/03 v1.6 Let assignment for LaTeX macros (HO)
) (/usr/local/texlive/2022/texmf-dist/tex/latex/auxhook/auxhook.sty
Package: auxhook 2019-12-17 v1.6 Hooks for auxiliary files (HO)
) (/usr/local/texlive/2022/texmf-dist/tex/latex/kvoptions/kvoptions.sty
Package: kvoptions 2020-10-07 v3.14 Key value format for package options (HO)
)
\@linkdim=\dimen182
\Hy@linkcounter=\count288
\Hy@pagecounter=\count289
 (/usr/local/texlive/2022/texmf-dist/tex/latex/hyperref/pd1enc.def
File: pd1enc.def 2022-02-21 v7.00n Hyperref: PDFDocEncoding definition (HO)
Now handling font encoding PD1 ...
... no UTF-8 mapping file for font encoding PD1
) (/usr/local/texlive/2022/texmf-dist/tex/generic/intcalc/intcalc.sty
Package: intcalc 2019/12/15 v1.3 Expandable calculations with integers (HO)
) (/usr/local/texlive/2022/texmf-dist/tex/generic/etexcmds/etexcmds.sty
Package: etexcmds 2019/12/15 v1.7 Avoid name clashes with e-TeX commands (HO)
)
\Hy@SavedSpaceFactor=\count290
 (/usr/local/texlive/2022/texmf-dist/tex/latex/hyperref/puenc.def
File: puenc.def 2022-02-21 v7.00n Hyperref: PDF Unicode definition (HO)
Now handling font encoding PU ...
... no UTF-8 mapping file for font encoding PU
)
Package hyperref Info: Hyper figures OFF on input line 4137.
Package hyperref Info: Link nesting OFF on input line 4142.
Package hyperref Info: Hyper index ON on input line 4145.
Package hyperref Info: Plain pages OFF on input line 4152.
Package hyperref Info: Backreferencing OFF on input line 4157.
Package hyperref Info: Implicit mode ON; LaTeX internals redefined.
Package hyperref Info: Bookmarks ON on input line 4390.
\c@Hy@tempcnt=\count291
 (/usr/local/texlive/2022/texmf-dist/tex/latex/url/url.sty
\Urlmuskip=\muskip17
Package: url 2013/09/16  ver 3.4  Verb mode for urls, etc.
)
LaTeX Info: Redefining \url on input line 4749.
\XeTeXLinkMargin=\dimen183
 (/usr/local/texlive/2022/texmf-dist/tex/generic/bitset/bitset.sty
Package: bitset 2019/12/09 v1.3 Handle bit-vector datatype (HO)
 (/usr/local/texlive/2022/texmf-dist/tex/generic/bigintcalc/bigintcalc.sty
Package: bigintcalc 2019/12/15 v1.5 Expandable calculations on big integers (HO)
))
\Fld@menulength=\count292
\Field@Width=\dimen184
\Fld@charsize=\dimen185
Package hyperref Info: Hyper figures OFF on input line 6027.
Package hyperref Info: Link nesting OFF on input line 6032.
Package hyperref Info: Hyper index ON on input line 6035.
Package hyperref Info: backreferencing OFF on input line 6042.
Package hyperref Info: Link coloring OFF on input line 6047.
Package hyperref Info: Link coloring with OCG OFF on input line 6052.
Package hyperref Info: PDF/A mode OFF on input line 6057.
LaTeX Info: Redefining \ref on input line 6097.
LaTeX Info: Redefining \pageref on input line 6101.
 (/usr/local/texlive/2022/texmf-dist/tex/latex/base/atbegshi-ltx.sty
Package: atbegshi-ltx 2021/01/10 v1.0c Emulation of the original atbegshi
package with kernel methods
)
\Hy@abspage=\count293
\c@Item=\count294
\c@Hfootnote=\count295
)
Package hyperref Info: Driver (autodetected): hpdftex.
 (/usr/local/texlive/2022/texmf-dist/tex/latex/hyperref/hpdftex.def
File: hpdftex.def 2022-02-21 v7.00n Hyperref driver for pdfTeX
 (/usr/local/texlive/2022/texmf-dist/tex/latex/base/atveryend-ltx.sty
Package: atveryend-ltx 2020/08/19 v1.0a Emulation of the original atveryend package
with kernel methods
)
\Fld@listcount=\count296
\c@bookmark@seq@number=\count297
 (/usr/local/texlive/2022/texmf-dist/tex/latex/rerunfilecheck/rerunfilecheck.sty
Package: rerunfilecheck 2019/12/05 v1.9 Rerun checks for auxiliary files (HO)
 (/usr/local/texlive/2022/texmf-dist/tex/generic/uniquecounter/uniquecounter.sty
Package: uniquecounter 2019/12/15 v1.4 Provide unlimited unique counter (HO)
)
Package uniquecounter Info: New unique counter `rerunfilecheck' on input line 286.
)
\Hy@SectionHShift=\skip59
) (/usr/local/texlive/2022/texmf-dist/tex/latex/l3backend/l3backend-pdftex.def
File: l3backend-pdftex.def 2022-02-07 L3 backend support: PDF output (pdfTeX)
\l__color_backend_stack_int=\count298
\l__pdf_internal_box=\box57
) (out/Arbeit.aux)
\openout1 = `Arbeit.aux'.

LaTeX Font Info:    Checking defaults for OML/cmm/m/it on input line 24.
LaTeX Font Info:    ... okay on input line 24.
LaTeX Font Info:    Checking defaults for OMS/cmsy/m/n on input line 24.
LaTeX Font Info:    ... okay on input line 24.
LaTeX Font Info:    Checking defaults for OT1/cmr/m/n on input line 24.
LaTeX Font Info:    ... okay on input line 24.
LaTeX Font Info:    Checking defaults for T1/cmr/m/n on input line 24.
LaTeX Font Info:    ... okay on input line 24.
LaTeX Font Info:    Checking defaults for TS1/cmr/m/n on input line 24.
LaTeX Font Info:    ... okay on input line 24.
LaTeX Font Info:    Checking defaults for OMX/cmex/m/n on input line 24.
LaTeX Font Info:    ... okay on input line 24.
LaTeX Font Info:    Checking defaults for U/cmr/m/n on input line 24.
LaTeX Font Info:    ... okay on input line 24.
LaTeX Font Info:    Checking defaults for PD1/pdf/m/n on input line 24.
LaTeX Font Info:    ... okay on input line 24.
LaTeX Font Info:    Checking defaults for PU/pdf/m/n on input line 24.
LaTeX Font Info:    ... okay on input line 24.
 (/usr/local/texlive/2022/texmf-dist/tex/context/base/mkii/supp-pdf.mkii
[Loading MPS to PDF converter (version 2006.09.02).]
\scratchcounter=\count299
\scratchdimen=\dimen186
\scratchbox=\box58
\nofMPsegments=\count300
\nofMParguments=\count301
\everyMPshowfont=\toks36
\MPscratchCnt=\count302
\MPscratchDim=\dimen187
\MPnumerator=\count303
\makeMPintoPDFobject=\count304
\everyMPtoPDFconversion=\toks37
) (/usr/local/texlive/2022/texmf-dist/tex/latex/epstopdf-pkg/epstopdf-base.sty
Package: epstopdf-base 2020-01-24 v2.11 Base part for package epstopdf
Package epstopdf-base Info: Redefining graphics rule for `.eps' on input line 485.
 (/usr/local/texlive/2022/texmf-dist/tex/latex/latexconfig/epstopdf-sys.cfg
File: epstopdf-sys.cfg 2010/07/13 v1.3 Configuration of (r)epstopdf for TeX Live
))
*geometry* driver: auto-detecting
*geometry* detected driver: pdftex
*geometry* verbose mode - [ preamble ] result:
* driver: pdftex
* paper: a4paper
* layout: <same size as paper>
* layoutoffset:(h,v)=(0.0pt,0.0pt)
* modes: 
* h-part:(L,W,R)=(85.35826pt, 426.79135pt, 85.35826pt)
* v-part:(T,H,B)=(71.13188pt, 702.78308pt, 71.13188pt)
* \paperwidth=597.50787pt
* \paperheight=845.04684pt
* \textwidth=426.79135pt
* \textheight=702.78308pt
* \oddsidemargin=13.08827pt
* \evensidemargin=13.08827pt
* \topmargin=-38.1381pt
* \headheight=12.0pt
* \headsep=25.0pt
* \topskip=12.0pt
* \footskip=30.0pt
* \marginparwidth=44.0pt
* \marginparsep=10.0pt
* \columnsep=10.0pt
* \skip\footins=10.8pt plus 4.0pt minus 2.0pt
* \hoffset=0.0pt
* \voffset=0.0pt
* \mag=1000
* \@twocolumnfalse
* \@twosidefalse
* \@mparswitchfalse
* \@reversemarginfalse
* (1in=72.27pt=25.4mm, 1cm=28.453pt)

Package caption Info: Begin \AtBeginDocument code.
Package caption Info: float package is loaded.
Package caption Info: hyperref package is loaded.
Package caption Info: End \AtBeginDocument code.
(/usr/local/texlive/2022/texmf-dist/tex/latex/pdflscape/pdflscape.sty
Package: pdflscape 2019/12/05 v0.12 Display of landscape pages in PDF (HO)
 (/usr/local/texlive/2022/texmf-dist/tex/latex/graphics/lscape.sty
Package: lscape 2020/05/28 v3.02 Landscape Pages (DPC)
)
Package pdflscape Info: Auto-detected driver: pdftex on input line 81.
)
Package hyperref Info: Link coloring OFF on input line 24.
 (/usr/local/texlive/2022/texmf-dist/tex/latex/hyperref/nameref.sty
Package: nameref 2021-04-02 v2.47 Cross-referencing by name of section
 (/usr/local/texlive/2022/texmf-dist/tex/latex/refcount/refcount.sty
Package: refcount 2019/12/15 v3.6 Data extraction from label references (HO)
) (/usr/local/texlive/2022/texmf-dist/tex/generic/gettitlestring/gettitlestring.sty
Package: gettitlestring 2019/12/15 v1.6 Cleanup title references (HO)
)
\c@section@level=\count305
)
LaTeX Info: Redefining \ref on input line 24.
LaTeX Info: Redefining \pageref on input line 24.
LaTeX Info: Redefining \nameref on input line 24.
 (out/Arbeit.out) (out/Arbeit.out)
\@outlinefile=\write3
\openout3 = `Arbeit.out'.

LaTeX Font Info:    Trying to load font information for U+msa on input line 34.
 (/usr/local/texlive/2022/texmf-dist/tex/latex/amsfonts/umsa.fd
File: umsa.fd 2013/01/14 v3.01 AMS symbols A
)
LaTeX Font Info:    Trying to load font information for U+msb on input line 34.
 (/usr/local/texlive/2022/texmf-dist/tex/latex/amsfonts/umsb.fd
File: umsb.fd 2013/01/14 v3.01 AMS symbols B
) [1

{/usr/local/texlive/2022/texmf-var/fonts/map/pdftex/updmap/pdftex.map}] (out/Arbeit.toc)
\tf@toc=\write4
\openout4 = `Arbeit.toc'.

 [2]
</Users/constantin/git/Machine-Learning/a1.pdf, id=59, 845.07718pt x 597.19106pt>
File: /Users/constantin/git/Machine-Learning/a1.pdf Graphic file (type pdf)
<use /Users/constantin/git/Machine-Learning/a1.pdf>
Package pdftex.def Info: /Users/constantin/git/Machine-Learning/a1.pdf  used on input line 62.
(pdftex.def)             Requested size: 845.07512pt x 597.1896pt.
File: /Users/constantin/git/Machine-Learning/a1.pdf Graphic file (type pdf)
<use /Users/constantin/git/Machine-Learning/a1.pdf>
Package pdftex.def Info: /Users/constantin/git/Machine-Learning/a1.pdf  used on input line 62.
(pdftex.def)             Requested size: 845.07512pt x 597.1896pt.
File: /Users/constantin/git/Machine-Learning/a1.pdf Graphic file (type pdf)
<use /Users/constantin/git/Machine-Learning/a1.pdf>
Package pdftex.def Info: /Users/constantin/git/Machine-Learning/a1.pdf  used on input line 62.
(pdftex.def)             Requested size: 845.07512pt x 597.1896pt.
</Users/constantin/git/Machine-Learning/a1.pdf, id=63, page=1, 845.07718pt x 597.19106pt>
File: /Users/constantin/git/Machine-Learning/a1.pdf Graphic file (type pdf)
<use /Users/constantin/git/Machine-Learning/a1.pdf, page 1>
Package pdftex.def Info: /Users/constantin/git/Machine-Learning/a1.pdf , page1 used on input line 62.
(pdftex.def)             Requested size: 845.07512pt x 597.1896pt.
File: /Users/constantin/git/Machine-Learning/a1.pdf Graphic file (type pdf)
<use /Users/constantin/git/Machine-Learning/a1.pdf, page 1>
Package pdftex.def Info: /Users/constantin/git/Machine-Learning/a1.pdf , page1 used on input line 62.
(pdftex.def)             Requested size: 597.55899pt x 422.27727pt.

pdfTeX warning (ext4): destination with the same identifier (name{page.1}) has been already used, duplicate ignored
<to be read again> 
                   \relax 
l.62 ...rs/constantin/git/Machine-Learning/a1.pdf}
                                                   [1]
File: /Users/constantin/git/Machine-Learning/a1.pdf Graphic file (type pdf)
<use /Users/constantin/git/Machine-Learning/a1.pdf, page 1>
Package pdftex.def Info: /Users/constantin/git/Machine-Learning/a1.pdf , page1 used on input line 62.
(pdftex.def)             Requested size: 597.55899pt x 422.27727pt.
File: /Users/constantin/git/Machine-Learning/a1.pdf Graphic file (type pdf)
<use /Users/constantin/git/Machine-Learning/a1.pdf, page 1>
Package pdftex.def Info: /Users/constantin/git/Machine-Learning/a1.pdf , page1 used on input line 62.
(pdftex.def)             Requested size: 597.55899pt x 422.27727pt.
</Users/constantin/git/Machine-Learning/a1.pdf, id=70, page=2, 845.07718pt x 597.19106pt>
File: /Users/constantin/git/Machine-Learning/a1.pdf Graphic file (type pdf)
<use /Users/constantin/git/Machine-Learning/a1.pdf, page 2>
Package pdftex.def Info: /Users/constantin/git/Machine-Learning/a1.pdf , page2 used on input line 62.
(pdftex.def)             Requested size: 597.55899pt x 422.27727pt.
File: /Users/constantin/git/Machine-Learning/a1.pdf Graphic file (type pdf)
<use /Users/constantin/git/Machine-Learning/a1.pdf, page 2>
Package pdftex.def Info: /Users/constantin/git/Machine-Learning/a1.pdf , page2 used on input line 62.
(pdftex.def)             Requested size: 597.55899pt x 422.27727pt.
File: /Users/constantin/git/Machine-Learning/a1.pdf Graphic file (type pdf)
<use /Users/constantin/git/Machine-Learning/a1.pdf, page 1>
Package pdftex.def Info: /Users/constantin/git/Machine-Learning/a1.pdf , page1 used on input line 62.
(pdftex.def)             Requested size: 597.55899pt x 422.27727pt.
File: /Users/constantin/git/Machine-Learning/a1.pdf Graphic file (type pdf)
<use /Users/constantin/git/Machine-Learning/a1.pdf, page 2>
Package pdftex.def Info: /Users/constantin/git/Machine-Learning/a1.pdf , page2 used on input line 62.
(pdftex.def)             Requested size: 597.55899pt x 422.27727pt.
 [2 </Users/constantin/git/Machine-Learning/a1.pdf> </Users/constantin/git/Machine-Learning/a1.pdf>]
File: /Users/constantin/git/Machine-Learning/a1.pdf Graphic file (type pdf)
<use /Users/constantin/git/Machine-Learning/a1.pdf>
Package pdftex.def Info: /Users/constantin/git/Machine-Learning/a1.pdf  used on input line 63.
(pdftex.def)             Requested size: 845.07512pt x 597.1896pt.
File: /Users/constantin/git/Machine-Learning/a1.pdf Graphic file (type pdf)
<use /Users/constantin/git/Machine-Learning/a1.pdf>
Package pdftex.def Info: /Users/constantin/git/Machine-Learning/a1.pdf  used on input line 63.
(pdftex.def)             Requested size: 845.07512pt x 597.1896pt.
File: /Users/constantin/git/Machine-Learning/a1.pdf Graphic file (type pdf)
<use /Users/constantin/git/Machine-Learning/a1.pdf>
Package pdftex.def Info: /Users/constantin/git/Machine-Learning/a1.pdf  used on input line 63.
(pdftex.def)             Requested size: 845.07512pt x 597.1896pt.
</Users/constantin/git/Machine-Learning/a1.pdf, id=162, page=3, 845.07718pt x 597.19106pt>
File: /Users/constantin/git/Machine-Learning/a1.pdf Graphic file (type pdf)
<use /Users/constantin/git/Machine-Learning/a1.pdf, page 3>
Package pdftex.def Info: /Users/constantin/git/Machine-Learning/a1.pdf , page3 used on input line 63.
(pdftex.def)             Requested size: 845.07512pt x 597.1896pt.
File: /Users/constantin/git/Machine-Learning/a1.pdf Graphic file (type pdf)
<use /Users/constantin/git/Machine-Learning/a1.pdf, page 3>
Package pdftex.def Info: /Users/constantin/git/Machine-Learning/a1.pdf , page3 used on input line 63.
(pdftex.def)             Requested size: 597.55899pt x 422.27727pt.
File: /Users/constantin/git/Machine-Learning/a1.pdf Graphic file (type pdf)
<use /Users/constantin/git/Machine-Learning/a1.pdf, page 3>
Package pdftex.def Info: /Users/constantin/git/Machine-Learning/a1.pdf , page3 used on input line 63.
(pdftex.def)             Requested size: 597.55899pt x 422.27727pt.
File: /Users/constantin/git/Machine-Learning/a1.pdf Graphic file (type pdf)
<use /Users/constantin/git/Machine-Learning/a1.pdf, page 3>
Package pdftex.def Info: /Users/constantin/git/Machine-Learning/a1.pdf , page3 used on input line 63.
(pdftex.def)             Requested size: 597.55899pt x 422.27727pt.
</Users/constantin/git/Machine-Learning/a1.pdf, id=163, page=4, 845.07718pt x 597.19106pt>
File: /Users/constantin/git/Machine-Learning/a1.pdf Graphic file (type pdf)
<use /Users/constantin/git/Machine-Learning/a1.pdf, page 4>
Package pdftex.def Info: /Users/constantin/git/Machine-Learning/a1.pdf , page4 used on input line 63.
(pdftex.def)             Requested size: 597.55899pt x 422.27727pt.
File: /Users/constantin/git/Machine-Learning/a1.pdf Graphic file (type pdf)
<use /Users/constantin/git/Machine-Learning/a1.pdf, page 4>
Package pdftex.def Info: /Users/constantin/git/Machine-Learning/a1.pdf , page4 used on input line 63.
(pdftex.def)             Requested size: 597.55899pt x 422.27727pt.
File: /Users/constantin/git/Machine-Learning/a1.pdf Graphic file (type pdf)
<use /Users/constantin/git/Machine-Learning/a1.pdf, page 3>
Package pdftex.def Info: /Users/constantin/git/Machine-Learning/a1.pdf , page3 used on input line 63.
(pdftex.def)             Requested size: 597.55899pt x 422.27727pt.
File: /Users/constantin/git/Machine-Learning/a1.pdf Graphic file (type pdf)
<use /Users/constantin/git/Machine-Learning/a1.pdf, page 4>
Package pdftex.def Info: /Users/constantin/git/Machine-Learning/a1.pdf , page4 used on input line 63.
(pdftex.def)             Requested size: 597.55899pt x 422.27727pt.
 [3 </Users/constantin/git/Machine-Learning/a1.pdf> </Users/constantin/git/Machine-Learning/a1.pdf>]
Underfull \hbox (badness 10000) in paragraph at lines 70--74

 []

</Users/constantin/git/Machine-Learning/Bilder/a2.pdf, id=172, 412.6617pt x 327.3831pt>
File: /Users/constantin/git/Machine-Learning/Bilder/a2.pdf Graphic file (type pdf)
<use /Users/constantin/git/Machine-Learning/Bilder/a2.pdf>
Package pdftex.def Info: /Users/constantin/git/Machine-Learning/Bilder/a2.pdf  used on input line 77.
(pdftex.def)             Requested size: 405.45047pt x 321.66249pt.
</Users/constantin/git/Machine-Learning/a3.pdf, id=173, 845.07718pt x 597.19106pt>
File: /Users/constantin/git/Machine-Learning/a3.pdf Graphic file (type pdf)
<use /Users/constantin/git/Machine-Learning/a3.pdf>
Package pdftex.def Info: /Users/constantin/git/Machine-Learning/a3.pdf  used on input line 85.
(pdftex.def)             Requested size: 845.07512pt x 597.1896pt.
File: /Users/constantin/git/Machine-Learning/a3.pdf Graphic file (type pdf)
<use /Users/constantin/git/Machine-Learning/a3.pdf>
Package pdftex.def Info: /Users/constantin/git/Machine-Learning/a3.pdf  used on input line 85.
(pdftex.def)             Requested size: 845.07512pt x 597.1896pt.
</Users/constantin/git/Machine-Learning/a3.pdf, id=176, page=1, 845.07718pt x 597.19106pt>
File: /Users/constantin/git/Machine-Learning/a3.pdf Graphic file (type pdf)
<use /Users/constantin/git/Machine-Learning/a3.pdf, page 1>
Package pdftex.def Info: /Users/constantin/git/Machine-Learning/a3.pdf , page1 used on input line 85.
(pdftex.def)             Requested size: 845.07512pt x 597.1896pt.
File: /Users/constantin/git/Machine-Learning/a3.pdf Graphic file (type pdf)
<use /Users/constantin/git/Machine-Learning/a3.pdf, page 1>
Package pdftex.def Info: /Users/constantin/git/Machine-Learning/a3.pdf , page1 used on input line 85.
(pdftex.def)             Requested size: 597.55899pt x 422.27727pt.
[4 </Users/constantin/git/Machine-Learning/Bilder/a2.pdf>]
File: /Users/constantin/git/Machine-Learning/a3.pdf Graphic file (type pdf)
<use /Users/constantin/git/Machine-Learning/a3.pdf, page 1>
Package pdftex.def Info: /Users/constantin/git/Machine-Learning/a3.pdf , page1 used on input line 85.
(pdftex.def)             Requested size: 597.55899pt x 422.27727pt.
File: /Users/constantin/git/Machine-Learning/a3.pdf Graphic file (type pdf)
<use /Users/constantin/git/Machine-Learning/a3.pdf, page 1>
Package pdftex.def Info: /Users/constantin/git/Machine-Learning/a3.pdf , page1 used on input line 85.
(pdftex.def)             Requested size: 597.55899pt x 422.27727pt.
</Users/constantin/git/Machine-Learning/a3.pdf, id=187, page=2, 845.07718pt x 597.19106pt>
File: /Users/constantin/git/Machine-Learning/a3.pdf Graphic file (type pdf)
<use /Users/constantin/git/Machine-Learning/a3.pdf, page 2>
Package pdftex.def Info: /Users/constantin/git/Machine-Learning/a3.pdf , page2 used on input line 85.
(pdftex.def)             Requested size: 597.55899pt x 422.27727pt.
File: /Users/constantin/git/Machine-Learning/a3.pdf Graphic file (type pdf)
<use /Users/constantin/git/Machine-Learning/a3.pdf, page 2>
Package pdftex.def Info: /Users/constantin/git/Machine-Learning/a3.pdf , page2 used on input line 85.
(pdftex.def)             Requested size: 597.55899pt x 422.27727pt.
File: /Users/constantin/git/Machine-Learning/a3.pdf Graphic file (type pdf)
<use /Users/constantin/git/Machine-Learning/a3.pdf, page 1>
Package pdftex.def Info: /Users/constantin/git/Machine-Learning/a3.pdf , page1 used on input line 85.
(pdftex.def)             Requested size: 597.55899pt x 422.27727pt.
File: /Users/constantin/git/Machine-Learning/a3.pdf Graphic file (type pdf)
<use /Users/constantin/git/Machine-Learning/a3.pdf, page 2>
Package pdftex.def Info: /Users/constantin/git/Machine-Learning/a3.pdf , page2 used on input line 85.
(pdftex.def)             Requested size: 597.55899pt x 422.27727pt.
 [5 </Users/constantin/git/Machine-Learning/a3.pdf> </Users/constantin/git/Machine-Learning/a3.pdf>]
File: /Users/constantin/git/Machine-Learning/a3.pdf Graphic file (type pdf)
<use /Users/constantin/git/Machine-Learning/a3.pdf>
Package pdftex.def Info: /Users/constantin/git/Machine-Learning/a3.pdf  used on input line 86.
(pdftex.def)             Requested size: 845.07512pt x 597.1896pt.
File: /Users/constantin/git/Machine-Learning/a3.pdf Graphic file (type pdf)
<use /Users/constantin/git/Machine-Learning/a3.pdf>
Package pdftex.def Info: /Users/constantin/git/Machine-Learning/a3.pdf  used on input line 86.
(pdftex.def)             Requested size: 845.07512pt x 597.1896pt.
</Users/constantin/git/Machine-Learning/a3.pdf, id=285, page=3, 845.07718pt x 597.19106pt>
File: /Users/constantin/git/Machine-Learning/a3.pdf Graphic file (type pdf)
<use /Users/constantin/git/Machine-Learning/a3.pdf, page 3>
Package pdftex.def Info: /Users/constantin/git/Machine-Learning/a3.pdf , page3 used on input line 86.
(pdftex.def)             Requested size: 845.07512pt x 597.1896pt.
File: /Users/constantin/git/Machine-Learning/a3.pdf Graphic file (type pdf)
<use /Users/constantin/git/Machine-Learning/a3.pdf, page 3>
Package pdftex.def Info: /Users/constantin/git/Machine-Learning/a3.pdf , page3 used on input line 86.
(pdftex.def)             Requested size: 597.55899pt x 422.27727pt.
File: /Users/constantin/git/Machine-Learning/a3.pdf Graphic file (type pdf)
<use /Users/constantin/git/Machine-Learning/a3.pdf, page 3>
Package pdftex.def Info: /Users/constantin/git/Machine-Learning/a3.pdf , page3 used on input line 86.
(pdftex.def)             Requested size: 597.55899pt x 422.27727pt.
File: /Users/constantin/git/Machine-Learning/a3.pdf Graphic file (type pdf)
<use /Users/constantin/git/Machine-Learning/a3.pdf, page 3>
Package pdftex.def Info: /Users/constantin/git/Machine-Learning/a3.pdf , page3 used on input line 86.
(pdftex.def)             Requested size: 597.55899pt x 422.27727pt.
</Users/constantin/git/Machine-Learning/a3.pdf, id=286, page=4, 845.07718pt x 597.19106pt>
File: /Users/constantin/git/Machine-Learning/a3.pdf Graphic file (type pdf)
<use /Users/constantin/git/Machine-Learning/a3.pdf, page 4>
Package pdftex.def Info: /Users/constantin/git/Machine-Learning/a3.pdf , page4 used on input line 86.
(pdftex.def)             Requested size: 597.55899pt x 422.27727pt.
File: /Users/constantin/git/Machine-Learning/a3.pdf Graphic file (type pdf)
<use /Users/constantin/git/Machine-Learning/a3.pdf, page 4>
Package pdftex.def Info: /Users/constantin/git/Machine-Learning/a3.pdf , page4 used on input line 86.
(pdftex.def)             Requested size: 597.55899pt x 422.27727pt.
File: /Users/constantin/git/Machine-Learning/a3.pdf Graphic file (type pdf)
<use /Users/constantin/git/Machine-Learning/a3.pdf, page 3>
Package pdftex.def Info: /Users/constantin/git/Machine-Learning/a3.pdf , page3 used on input line 86.
(pdftex.def)             Requested size: 597.55899pt x 422.27727pt.
File: /Users/constantin/git/Machine-Learning/a3.pdf Graphic file (type pdf)
<use /Users/constantin/git/Machine-Learning/a3.pdf, page 4>
Package pdftex.def Info: /Users/constantin/git/Machine-Learning/a3.pdf , page4 used on input line 86.
(pdftex.def)             Requested size: 597.55899pt x 422.27727pt.
 [6 </Users/constantin/git/Machine-Learning/a3.pdf> </Users/constantin/git/Machine-Learning/a3.pdf>]
File: /Users/constantin/git/Machine-Learning/a3.pdf Graphic file (type pdf)
<use /Users/constantin/git/Machine-Learning/a3.pdf>
Package pdftex.def Info: /Users/constantin/git/Machine-Learning/a3.pdf  used on input line 87.
(pdftex.def)             Requested size: 845.07512pt x 597.1896pt.
File: /Users/constantin/git/Machine-Learning/a3.pdf Graphic file (type pdf)
<use /Users/constantin/git/Machine-Learning/a3.pdf>
Package pdftex.def Info: /Users/constantin/git/Machine-Learning/a3.pdf  used on input line 87.
(pdftex.def)             Requested size: 845.07512pt x 597.1896pt.
</Users/constantin/git/Machine-Learning/a3.pdf, id=368, page=5, 845.07718pt x 597.19106pt>
File: /Users/constantin/git/Machine-Learning/a3.pdf Graphic file (type pdf)
<use /Users/constantin/git/Machine-Learning/a3.pdf, page 5>
Package pdftex.def Info: /Users/constantin/git/Machine-Learning/a3.pdf , page5 used on input line 87.
(pdftex.def)             Requested size: 845.07512pt x 597.1896pt.
File: /Users/constantin/git/Machine-Learning/a3.pdf Graphic file (type pdf)
<use /Users/constantin/git/Machine-Learning/a3.pdf, page 5>
Package pdftex.def Info: /Users/constantin/git/Machine-Learning/a3.pdf , page5 used on input line 87.
(pdftex.def)             Requested size: 597.55899pt x 422.27727pt.
File: /Users/constantin/git/Machine-Learning/a3.pdf Graphic file (type pdf)
<use /Users/constantin/git/Machine-Learning/a3.pdf, page 5>
Package pdftex.def Info: /Users/constantin/git/Machine-Learning/a3.pdf , page5 used on input line 87.
(pdftex.def)             Requested size: 597.55899pt x 422.27727pt.
File: /Users/constantin/git/Machine-Learning/a3.pdf Graphic file (type pdf)
<use /Users/constantin/git/Machine-Learning/a3.pdf, page 5>
Package pdftex.def Info: /Users/constantin/git/Machine-Learning/a3.pdf , page5 used on input line 87.
(pdftex.def)             Requested size: 597.55899pt x 422.27727pt.
</Users/constantin/git/Machine-Learning/a3.pdf, id=369, page=6, 845.07718pt x 597.19106pt>
File: /Users/constantin/git/Machine-Learning/a3.pdf Graphic file (type pdf)
<use /Users/constantin/git/Machine-Learning/a3.pdf, page 6>
Package pdftex.def Info: /Users/constantin/git/Machine-Learning/a3.pdf , page6 used on input line 87.
(pdftex.def)             Requested size: 597.55899pt x 422.27727pt.
File: /Users/constantin/git/Machine-Learning/a3.pdf Graphic file (type pdf)
<use /Users/constantin/git/Machine-Learning/a3.pdf, page 6>
Package pdftex.def Info: /Users/constantin/git/Machine-Learning/a3.pdf , page6 used on input line 87.
(pdftex.def)             Requested size: 597.55899pt x 422.27727pt.
File: /Users/constantin/git/Machine-Learning/a3.pdf Graphic file (type pdf)
<use /Users/constantin/git/Machine-Learning/a3.pdf, page 5>
Package pdftex.def Info: /Users/constantin/git/Machine-Learning/a3.pdf , page5 used on input line 87.
(pdftex.def)             Requested size: 597.55899pt x 422.27727pt.
File: /Users/constantin/git/Machine-Learning/a3.pdf Graphic file (type pdf)
<use /Users/constantin/git/Machine-Learning/a3.pdf, page 6>
Package pdftex.def Info: /Users/constantin/git/Machine-Learning/a3.pdf , page6 used on input line 87.
(pdftex.def)             Requested size: 597.55899pt x 422.27727pt.
 [7 </Users/constantin/git/Machine-Learning/a3.pdf> </Users/constantin/git/Machine-Learning/a3.pdf>]
File: /Users/constantin/git/Machine-Learning/a3.pdf Graphic file (type pdf)
<use /Users/constantin/git/Machine-Learning/a3.pdf>
Package pdftex.def Info: /Users/constantin/git/Machine-Learning/a3.pdf  used on input line 88.
(pdftex.def)             Requested size: 845.07512pt x 597.1896pt.
File: /Users/constantin/git/Machine-Learning/a3.pdf Graphic file (type pdf)
<use /Users/constantin/git/Machine-Learning/a3.pdf>
Package pdftex.def Info: /Users/constantin/git/Machine-Learning/a3.pdf  used on input line 88.
(pdftex.def)             Requested size: 845.07512pt x 597.1896pt.
</Users/constantin/git/Machine-Learning/a3.pdf, id=380, page=7, 845.07718pt x 597.19106pt>
File: /Users/constantin/git/Machine-Learning/a3.pdf Graphic file (type pdf)
<use /Users/constantin/git/Machine-Learning/a3.pdf, page 7>
Package pdftex.def Info: /Users/constantin/git/Machine-Learning/a3.pdf , page7 used on input line 88.
(pdftex.def)             Requested size: 845.07512pt x 597.1896pt.
File: /Users/constantin/git/Machine-Learning/a3.pdf Graphic file (type pdf)
<use /Users/constantin/git/Machine-Learning/a3.pdf, page 7>
Package pdftex.def Info: /Users/constantin/git/Machine-Learning/a3.pdf , page7 used on input line 88.
(pdftex.def)             Requested size: 597.55899pt x 422.27727pt.
File: /Users/constantin/git/Machine-Learning/a3.pdf Graphic file (type pdf)
<use /Users/constantin/git/Machine-Learning/a3.pdf, page 7>
Package pdftex.def Info: /Users/constantin/git/Machine-Learning/a3.pdf , page7 used on input line 88.
(pdftex.def)             Requested size: 597.55899pt x 422.27727pt.
File: /Users/constantin/git/Machine-Learning/a3.pdf Graphic file (type pdf)
<use /Users/constantin/git/Machine-Learning/a3.pdf, page 7>
Package pdftex.def Info: /Users/constantin/git/Machine-Learning/a3.pdf , page7 used on input line 88.
(pdftex.def)             Requested size: 597.55899pt x 422.27727pt.
</Users/constantin/git/Machine-Learning/a3.pdf, id=381, page=8, 845.07718pt x 597.19106pt>
File: /Users/constantin/git/Machine-Learning/a3.pdf Graphic file (type pdf)
<use /Users/constantin/git/Machine-Learning/a3.pdf, page 8>
Package pdftex.def Info: /Users/constantin/git/Machine-Learning/a3.pdf , page8 used on input line 88.
(pdftex.def)             Requested size: 597.55899pt x 422.27727pt.
File: /Users/constantin/git/Machine-Learning/a3.pdf Graphic file (type pdf)
<use /Users/constantin/git/Machine-Learning/a3.pdf, page 8>
Package pdftex.def Info: /Users/constantin/git/Machine-Learning/a3.pdf , page8 used on input line 88.
(pdftex.def)             Requested size: 597.55899pt x 422.27727pt.
File: /Users/constantin/git/Machine-Learning/a3.pdf Graphic file (type pdf)
<use /Users/constantin/git/Machine-Learning/a3.pdf, page 7>
Package pdftex.def Info: /Users/constantin/git/Machine-Learning/a3.pdf , page7 used on input line 88.
(pdftex.def)             Requested size: 597.55899pt x 422.27727pt.
File: /Users/constantin/git/Machine-Learning/a3.pdf Graphic file (type pdf)
<use /Users/constantin/git/Machine-Learning/a3.pdf, page 8>
Package pdftex.def Info: /Users/constantin/git/Machine-Learning/a3.pdf , page8 used on input line 88.
(pdftex.def)             Requested size: 597.55899pt x 422.27727pt.
 [8 </Users/constantin/git/Machine-Learning/a3.pdf> </Users/constantin/git/Machine-Learning/a3.pdf>]
File: /Users/constantin/git/Machine-Learning/a3.pdf Graphic file (type pdf)
<use /Users/constantin/git/Machine-Learning/a3.pdf>
Package pdftex.def Info: /Users/constantin/git/Machine-Learning/a3.pdf  used on input line 89.
(pdftex.def)             Requested size: 845.07512pt x 597.1896pt.
File: /Users/constantin/git/Machine-Learning/a3.pdf Graphic file (type pdf)
<use /Users/constantin/git/Machine-Learning/a3.pdf>
Package pdftex.def Info: /Users/constantin/git/Machine-Learning/a3.pdf  used on input line 89.
(pdftex.def)             Requested size: 845.07512pt x 597.1896pt.
</Users/constantin/git/Machine-Learning/a3.pdf, id=390, page=9, 845.07718pt x 597.19106pt>
File: /Users/constantin/git/Machine-Learning/a3.pdf Graphic file (type pdf)
<use /Users/constantin/git/Machine-Learning/a3.pdf, page 9>
Package pdftex.def Info: /Users/constantin/git/Machine-Learning/a3.pdf , page9 used on input line 89.
(pdftex.def)             Requested size: 845.07512pt x 597.1896pt.
File: /Users/constantin/git/Machine-Learning/a3.pdf Graphic file (type pdf)
<use /Users/constantin/git/Machine-Learning/a3.pdf, page 9>
Package pdftex.def Info: /Users/constantin/git/Machine-Learning/a3.pdf , page9 used on input line 89.
(pdftex.def)             Requested size: 597.55899pt x 422.27727pt.
File: /Users/constantin/git/Machine-Learning/a3.pdf Graphic file (type pdf)
<use /Users/constantin/git/Machine-Learning/a3.pdf, page 9>
Package pdftex.def Info: /Users/constantin/git/Machine-Learning/a3.pdf , page9 used on input line 89.
(pdftex.def)             Requested size: 597.55899pt x 422.27727pt.
File: /Users/constantin/git/Machine-Learning/a3.pdf Graphic file (type pdf)
<use /Users/constantin/git/Machine-Learning/a3.pdf, page 9>
Package pdftex.def Info: /Users/constantin/git/Machine-Learning/a3.pdf , page9 used on input line 89.
(pdftex.def)             Requested size: 597.55899pt x 422.27727pt.
</Users/constantin/git/Machine-Learning/a3.pdf, id=391, page=10, 845.07718pt x 597.19106pt>
File: /Users/constantin/git/Machine-Learning/a3.pdf Graphic file (type pdf)
<use /Users/constantin/git/Machine-Learning/a3.pdf, page 10>
Package pdftex.def Info: /Users/constantin/git/Machine-Learning/a3.pdf , page10 used on input line 89.
(pdftex.def)             Requested size: 597.55899pt x 422.27727pt.
File: /Users/constantin/git/Machine-Learning/a3.pdf Graphic file (type pdf)
<use /Users/constantin/git/Machine-Learning/a3.pdf, page 10>
Package pdftex.def Info: /Users/constantin/git/Machine-Learning/a3.pdf , page10 used on input line 89.
(pdftex.def)             Requested size: 597.55899pt x 422.27727pt.
File: /Users/constantin/git/Machine-Learning/a3.pdf Graphic file (type pdf)
<use /Users/constantin/git/Machine-Learning/a3.pdf, page 9>
Package pdftex.def Info: /Users/constantin/git/Machine-Learning/a3.pdf , page9 used on input line 89.
(pdftex.def)             Requested size: 597.55899pt x 422.27727pt.
File: /Users/constantin/git/Machine-Learning/a3.pdf Graphic file (type pdf)
<use /Users/constantin/git/Machine-Learning/a3.pdf, page 10>
Package pdftex.def Info: /Users/constantin/git/Machine-Learning/a3.pdf , page10 used on input line 89.
(pdftex.def)             Requested size: 597.55899pt x 422.27727pt.
 [9 </Users/constantin/git/Machine-Learning/a3.pdf> </Users/constantin/git/Machine-Learning/a3.pdf>]
File: /Users/constantin/git/Machine-Learning/a3.pdf Graphic file (type pdf)
<use /Users/constantin/git/Machine-Learning/a3.pdf>
Package pdftex.def Info: /Users/constantin/git/Machine-Learning/a3.pdf  used on input line 90.
(pdftex.def)             Requested size: 845.07512pt x 597.1896pt.
File: /Users/constantin/git/Machine-Learning/a3.pdf Graphic file (type pdf)
<use /Users/constantin/git/Machine-Learning/a3.pdf>
Package pdftex.def Info: /Users/constantin/git/Machine-Learning/a3.pdf  used on input line 90.
(pdftex.def)             Requested size: 845.07512pt x 597.1896pt.
</Users/constantin/git/Machine-Learning/a3.pdf, id=400, page=11, 845.07718pt x 597.19106pt>
File: /Users/constantin/git/Machine-Learning/a3.pdf Graphic file (type pdf)
<use /Users/constantin/git/Machine-Learning/a3.pdf, page 11>
Package pdftex.def Info: /Users/constantin/git/Machine-Learning/a3.pdf , page11 used on input line 90.
(pdftex.def)             Requested size: 845.07512pt x 597.1896pt.
File: /Users/constantin/git/Machine-Learning/a3.pdf Graphic file (type pdf)
<use /Users/constantin/git/Machine-Learning/a3.pdf, page 11>
Package pdftex.def Info: /Users/constantin/git/Machine-Learning/a3.pdf , page11 used on input line 90.
(pdftex.def)             Requested size: 597.55899pt x 422.27727pt.
File: /Users/constantin/git/Machine-Learning/a3.pdf Graphic file (type pdf)
<use /Users/constantin/git/Machine-Learning/a3.pdf, page 11>
Package pdftex.def Info: /Users/constantin/git/Machine-Learning/a3.pdf , page11 used on input line 90.
(pdftex.def)             Requested size: 597.55899pt x 422.27727pt.
File: /Users/constantin/git/Machine-Learning/a3.pdf Graphic file (type pdf)
<use /Users/constantin/git/Machine-Learning/a3.pdf, page 11>
Package pdftex.def Info: /Users/constantin/git/Machine-Learning/a3.pdf , page11 used on input line 90.
(pdftex.def)             Requested size: 597.55899pt x 422.27727pt.
</Users/constantin/git/Machine-Learning/a3.pdf, id=401, page=12, 845.07718pt x 597.19106pt>
File: /Users/constantin/git/Machine-Learning/a3.pdf Graphic file (type pdf)
<use /Users/constantin/git/Machine-Learning/a3.pdf, page 12>
Package pdftex.def Info: /Users/constantin/git/Machine-Learning/a3.pdf , page12 used on input line 90.
(pdftex.def)             Requested size: 597.55899pt x 422.27727pt.
File: /Users/constantin/git/Machine-Learning/a3.pdf Graphic file (type pdf)
<use /Users/constantin/git/Machine-Learning/a3.pdf, page 12>
Package pdftex.def Info: /Users/constantin/git/Machine-Learning/a3.pdf , page12 used on input line 90.
(pdftex.def)             Requested size: 597.55899pt x 422.27727pt.
File: /Users/constantin/git/Machine-Learning/a3.pdf Graphic file (type pdf)
<use /Users/constantin/git/Machine-Learning/a3.pdf, page 11>
Package pdftex.def Info: /Users/constantin/git/Machine-Learning/a3.pdf , page11 used on input line 90.
(pdftex.def)             Requested size: 597.55899pt x 422.27727pt.
File: /Users/constantin/git/Machine-Learning/a3.pdf Graphic file (type pdf)
<use /Users/constantin/git/Machine-Learning/a3.pdf, page 12>
Package pdftex.def Info: /Users/constantin/git/Machine-Learning/a3.pdf , page12 used on input line 90.
(pdftex.def)             Requested size: 597.55899pt x 422.27727pt.
 [10 </Users/constantin/git/Machine-Learning/a3.pdf> </Users/constantin/git/Machine-Learning/a3.pdf>]
File: /Users/constantin/git/Machine-Learning/a3.pdf Graphic file (type pdf)
<use /Users/constantin/git/Machine-Learning/a3.pdf>
Package pdftex.def Info: /Users/constantin/git/Machine-Learning/a3.pdf  used on input line 91.
(pdftex.def)             Requested size: 845.07512pt x 597.1896pt.
File: /Users/constantin/git/Machine-Learning/a3.pdf Graphic file (type pdf)
<use /Users/constantin/git/Machine-Learning/a3.pdf>
Package pdftex.def Info: /Users/constantin/git/Machine-Learning/a3.pdf  used on input line 91.
(pdftex.def)             Requested size: 845.07512pt x 597.1896pt.
</Users/constantin/git/Machine-Learning/a3.pdf, id=410, page=13, 845.07718pt x 597.19106pt>
File: /Users/constantin/git/Machine-Learning/a3.pdf Graphic file (type pdf)
<use /Users/constantin/git/Machine-Learning/a3.pdf, page 13>
Package pdftex.def Info: /Users/constantin/git/Machine-Learning/a3.pdf , page13 used on input line 91.
(pdftex.def)             Requested size: 845.07512pt x 597.1896pt.
File: /Users/constantin/git/Machine-Learning/a3.pdf Graphic file (type pdf)
<use /Users/constantin/git/Machine-Learning/a3.pdf, page 13>
Package pdftex.def Info: /Users/constantin/git/Machine-Learning/a3.pdf , page13 used on input line 91.
(pdftex.def)             Requested size: 597.55899pt x 422.27727pt.
File: /Users/constantin/git/Machine-Learning/a3.pdf Graphic file (type pdf)
<use /Users/constantin/git/Machine-Learning/a3.pdf, page 13>
Package pdftex.def Info: /Users/constantin/git/Machine-Learning/a3.pdf , page13 used on input line 91.
(pdftex.def)             Requested size: 597.55899pt x 422.27727pt.
File: /Users/constantin/git/Machine-Learning/a3.pdf Graphic file (type pdf)
<use /Users/constantin/git/Machine-Learning/a3.pdf, page 13>
Package pdftex.def Info: /Users/constantin/git/Machine-Learning/a3.pdf , page13 used on input line 91.
(pdftex.def)             Requested size: 597.55899pt x 422.27727pt.
</Users/constantin/git/Machine-Learning/a3.pdf, id=411, page=14, 845.07718pt x 597.19106pt>
File: /Users/constantin/git/Machine-Learning/a3.pdf Graphic file (type pdf)
<use /Users/constantin/git/Machine-Learning/a3.pdf, page 14>
Package pdftex.def Info: /Users/constantin/git/Machine-Learning/a3.pdf , page14 used on input line 91.
(pdftex.def)             Requested size: 597.55899pt x 422.27727pt.
File: /Users/constantin/git/Machine-Learning/a3.pdf Graphic file (type pdf)
<use /Users/constantin/git/Machine-Learning/a3.pdf, page 14>
Package pdftex.def Info: /Users/constantin/git/Machine-Learning/a3.pdf , page14 used on input line 91.
(pdftex.def)             Requested size: 597.55899pt x 422.27727pt.
File: /Users/constantin/git/Machine-Learning/a3.pdf Graphic file (type pdf)
<use /Users/constantin/git/Machine-Learning/a3.pdf, page 13>
Package pdftex.def Info: /Users/constantin/git/Machine-Learning/a3.pdf , page13 used on input line 91.
(pdftex.def)             Requested size: 597.55899pt x 422.27727pt.
File: /Users/constantin/git/Machine-Learning/a3.pdf Graphic file (type pdf)
<use /Users/constantin/git/Machine-Learning/a3.pdf, page 14>
Package pdftex.def Info: /Users/constantin/git/Machine-Learning/a3.pdf , page14 used on input line 91.
(pdftex.def)             Requested size: 597.55899pt x 422.27727pt.
 [11 </Users/constantin/git/Machine-Learning/a3.pdf> </Users/constantin/git/Machine-Learning/a3.pdf>]
File: /Users/constantin/git/Machine-Learning/a3.pdf Graphic file (type pdf)
<use /Users/constantin/git/Machine-Learning/a3.pdf>
Package pdftex.def Info: /Users/constantin/git/Machine-Learning/a3.pdf  used on input line 92.
(pdftex.def)             Requested size: 845.07512pt x 597.1896pt.
File: /Users/constantin/git/Machine-Learning/a3.pdf Graphic file (type pdf)
<use /Users/constantin/git/Machine-Learning/a3.pdf>
Package pdftex.def Info: /Users/constantin/git/Machine-Learning/a3.pdf  used on input line 92.
(pdftex.def)             Requested size: 845.07512pt x 597.1896pt.
</Users/constantin/git/Machine-Learning/a3.pdf, id=423, page=15, 845.07718pt x 597.19106pt>
File: /Users/constantin/git/Machine-Learning/a3.pdf Graphic file (type pdf)
<use /Users/constantin/git/Machine-Learning/a3.pdf, page 15>
Package pdftex.def Info: /Users/constantin/git/Machine-Learning/a3.pdf , page15 used on input line 92.
(pdftex.def)             Requested size: 845.07512pt x 597.1896pt.
File: /Users/constantin/git/Machine-Learning/a3.pdf Graphic file (type pdf)
<use /Users/constantin/git/Machine-Learning/a3.pdf, page 15>
Package pdftex.def Info: /Users/constantin/git/Machine-Learning/a3.pdf , page15 used on input line 92.
(pdftex.def)             Requested size: 597.55899pt x 422.27727pt.
File: /Users/constantin/git/Machine-Learning/a3.pdf Graphic file (type pdf)
<use /Users/constantin/git/Machine-Learning/a3.pdf, page 15>
Package pdftex.def Info: /Users/constantin/git/Machine-Learning/a3.pdf , page15 used on input line 92.
(pdftex.def)             Requested size: 597.55899pt x 422.27727pt.
File: /Users/constantin/git/Machine-Learning/a3.pdf Graphic file (type pdf)
<use /Users/constantin/git/Machine-Learning/a3.pdf, page 15>
Package pdftex.def Info: /Users/constantin/git/Machine-Learning/a3.pdf , page15 used on input line 92.
(pdftex.def)             Requested size: 597.55899pt x 422.27727pt.
File: /Users/constantin/git/Machine-Learning/a3.pdf Graphic file (type pdf)
<use /Users/constantin/git/Machine-Learning/a3.pdf, page 15>
Package pdftex.def Info: /Users/constantin/git/Machine-Learning/a3.pdf , page15 used on input line 92.
(pdftex.def)             Requested size: 597.55899pt x 422.27727pt.
File: /Users/constantin/git/Machine-Learning/a3.pdf Graphic file (type pdf)
<use /Users/constantin/git/Machine-Learning/a3.pdf, page 15>
Package pdftex.def Info: /Users/constantin/git/Machine-Learning/a3.pdf , page15 used on input line 92.
(pdftex.def)             Requested size: 597.55899pt x 422.27727pt.
File: /Users/constantin/git/Machine-Learning/a3.pdf Graphic file (type pdf)
<use /Users/constantin/git/Machine-Learning/a3.pdf, page 15>
Package pdftex.def Info: /Users/constantin/git/Machine-Learning/a3.pdf , page15 used on input line 92.
(pdftex.def)             Requested size: 597.55899pt x 422.27727pt.
 [12 </Users/constantin/git/Machine-Learning/a3.pdf>]
</Users/constantin/git/Machine-Learning/a4.pdf, id=428, 845.07718pt x 597.19106pt>
File: /Users/constantin/git/Machine-Learning/a4.pdf Graphic file (type pdf)
<use /Users/constantin/git/Machine-Learning/a4.pdf>
Package pdftex.def Info: /Users/constantin/git/Machine-Learning/a4.pdf  used on input line 101.
(pdftex.def)             Requested size: 845.07512pt x 597.1896pt.
File: /Users/constantin/git/Machine-Learning/a4.pdf Graphic file (type pdf)
<use /Users/constantin/git/Machine-Learning/a4.pdf>
Package pdftex.def Info: /Users/constantin/git/Machine-Learning/a4.pdf  used on input line 101.
(pdftex.def)             Requested size: 845.07512pt x 597.1896pt.
</Users/constantin/git/Machine-Learning/a4.pdf, id=431, page=1, 845.07718pt x 597.19106pt>
File: /Users/constantin/git/Machine-Learning/a4.pdf Graphic file (type pdf)
<use /Users/constantin/git/Machine-Learning/a4.pdf, page 1>
Package pdftex.def Info: /Users/constantin/git/Machine-Learning/a4.pdf , page1 used on input line 101.
(pdftex.def)             Requested size: 845.07512pt x 597.1896pt.
File: /Users/constantin/git/Machine-Learning/a4.pdf Graphic file (type pdf)
<use /Users/constantin/git/Machine-Learning/a4.pdf, page 1>
Package pdftex.def Info: /Users/constantin/git/Machine-Learning/a4.pdf , page1 used on input line 101.
(pdftex.def)             Requested size: 597.55899pt x 422.27727pt.
 [13]
File: /Users/constantin/git/Machine-Learning/a4.pdf Graphic file (type pdf)
<use /Users/constantin/git/Machine-Learning/a4.pdf, page 1>
Package pdftex.def Info: /Users/constantin/git/Machine-Learning/a4.pdf , page1 used on input line 101.
(pdftex.def)             Requested size: 597.55899pt x 422.27727pt.
File: /Users/constantin/git/Machine-Learning/a4.pdf Graphic file (type pdf)
<use /Users/constantin/git/Machine-Learning/a4.pdf, page 1>
Package pdftex.def Info: /Users/constantin/git/Machine-Learning/a4.pdf , page1 used on input line 101.
(pdftex.def)             Requested size: 597.55899pt x 422.27727pt.
</Users/constantin/git/Machine-Learning/a4.pdf, id=436, page=2, 845.07718pt x 597.19106pt>
File: /Users/constantin/git/Machine-Learning/a4.pdf Graphic file (type pdf)
<use /Users/constantin/git/Machine-Learning/a4.pdf, page 2>
Package pdftex.def Info: /Users/constantin/git/Machine-Learning/a4.pdf , page2 used on input line 101.
(pdftex.def)             Requested size: 597.55899pt x 422.27727pt.
File: /Users/constantin/git/Machine-Learning/a4.pdf Graphic file (type pdf)
<use /Users/constantin/git/Machine-Learning/a4.pdf, page 2>
Package pdftex.def Info: /Users/constantin/git/Machine-Learning/a4.pdf , page2 used on input line 101.
(pdftex.def)             Requested size: 597.55899pt x 422.27727pt.
File: /Users/constantin/git/Machine-Learning/a4.pdf Graphic file (type pdf)
<use /Users/constantin/git/Machine-Learning/a4.pdf, page 1>
Package pdftex.def Info: /Users/constantin/git/Machine-Learning/a4.pdf , page1 used on input line 101.
(pdftex.def)             Requested size: 597.55899pt x 422.27727pt.
File: /Users/constantin/git/Machine-Learning/a4.pdf Graphic file (type pdf)
<use /Users/constantin/git/Machine-Learning/a4.pdf, page 2>
Package pdftex.def Info: /Users/constantin/git/Machine-Learning/a4.pdf , page2 used on input line 101.
(pdftex.def)             Requested size: 597.55899pt x 422.27727pt.
 [14 </Users/constantin/git/Machine-Learning/a4.pdf> </Users/constantin/git/Machine-Learning/a4.pdf>]
File: /Users/constantin/git/Machine-Learning/a4.pdf Graphic file (type pdf)
<use /Users/constantin/git/Machine-Learning/a4.pdf>
Package pdftex.def Info: /Users/constantin/git/Machine-Learning/a4.pdf  used on input line 102.
(pdftex.def)             Requested size: 845.07512pt x 597.1896pt.
File: /Users/constantin/git/Machine-Learning/a4.pdf Graphic file (type pdf)
<use /Users/constantin/git/Machine-Learning/a4.pdf>
Package pdftex.def Info: /Users/constantin/git/Machine-Learning/a4.pdf  used on input line 102.
(pdftex.def)             Requested size: 845.07512pt x 597.1896pt.
</Users/constantin/git/Machine-Learning/a4.pdf, id=595, page=3, 845.07718pt x 597.19106pt>
File: /Users/constantin/git/Machine-Learning/a4.pdf Graphic file (type pdf)
<use /Users/constantin/git/Machine-Learning/a4.pdf, page 3>
Package pdftex.def Info: /Users/constantin/git/Machine-Learning/a4.pdf , page3 used on input line 102.
(pdftex.def)             Requested size: 845.07512pt x 597.1896pt.
File: /Users/constantin/git/Machine-Learning/a4.pdf Graphic file (type pdf)
<use /Users/constantin/git/Machine-Learning/a4.pdf, page 3>
Package pdftex.def Info: /Users/constantin/git/Machine-Learning/a4.pdf , page3 used on input line 102.
(pdftex.def)             Requested size: 597.55899pt x 422.27727pt.
File: /Users/constantin/git/Machine-Learning/a4.pdf Graphic file (type pdf)
<use /Users/constantin/git/Machine-Learning/a4.pdf, page 3>
Package pdftex.def Info: /Users/constantin/git/Machine-Learning/a4.pdf , page3 used on input line 102.
(pdftex.def)             Requested size: 597.55899pt x 422.27727pt.
File: /Users/constantin/git/Machine-Learning/a4.pdf Graphic file (type pdf)
<use /Users/constantin/git/Machine-Learning/a4.pdf, page 3>
Package pdftex.def Info: /Users/constantin/git/Machine-Learning/a4.pdf , page3 used on input line 102.
(pdftex.def)             Requested size: 597.55899pt x 422.27727pt.
</Users/constantin/git/Machine-Learning/a4.pdf, id=596, page=4, 845.07718pt x 597.19106pt>
File: /Users/constantin/git/Machine-Learning/a4.pdf Graphic file (type pdf)
<use /Users/constantin/git/Machine-Learning/a4.pdf, page 4>
Package pdftex.def Info: /Users/constantin/git/Machine-Learning/a4.pdf , page4 used on input line 102.
(pdftex.def)             Requested size: 597.55899pt x 422.27727pt.
File: /Users/constantin/git/Machine-Learning/a4.pdf Graphic file (type pdf)
<use /Users/constantin/git/Machine-Learning/a4.pdf, page 4>
Package pdftex.def Info: /Users/constantin/git/Machine-Learning/a4.pdf , page4 used on input line 102.
(pdftex.def)             Requested size: 597.55899pt x 422.27727pt.
File: /Users/constantin/git/Machine-Learning/a4.pdf Graphic file (type pdf)
<use /Users/constantin/git/Machine-Learning/a4.pdf, page 3>
Package pdftex.def Info: /Users/constantin/git/Machine-Learning/a4.pdf , page3 used on input line 102.
(pdftex.def)             Requested size: 597.55899pt x 422.27727pt.
File: /Users/constantin/git/Machine-Learning/a4.pdf Graphic file (type pdf)
<use /Users/constantin/git/Machine-Learning/a4.pdf, page 4>
Package pdftex.def Info: /Users/constantin/git/Machine-Learning/a4.pdf , page4 used on input line 102.
(pdftex.def)             Requested size: 597.55899pt x 422.27727pt.
 [15 </Users/constantin/git/Machine-Learning/a4.pdf> </Users/constantin/git/Machine-Learning/a4.pdf>]
File: /Users/constantin/git/Machine-Learning/a4.pdf Graphic file (type pdf)
<use /Users/constantin/git/Machine-Learning/a4.pdf>
Package pdftex.def Info: /Users/constantin/git/Machine-Learning/a4.pdf  used on input line 103.
(pdftex.def)             Requested size: 845.07512pt x 597.1896pt.
File: /Users/constantin/git/Machine-Learning/a4.pdf Graphic file (type pdf)
<use /Users/constantin/git/Machine-Learning/a4.pdf>
Package pdftex.def Info: /Users/constantin/git/Machine-Learning/a4.pdf  used on input line 103.
(pdftex.def)             Requested size: 845.07512pt x 597.1896pt.
</Users/constantin/git/Machine-Learning/a4.pdf, id=606, page=5, 845.07718pt x 597.19106pt>
File: /Users/constantin/git/Machine-Learning/a4.pdf Graphic file (type pdf)
<use /Users/constantin/git/Machine-Learning/a4.pdf, page 5>
Package pdftex.def Info: /Users/constantin/git/Machine-Learning/a4.pdf , page5 used on input line 103.
(pdftex.def)             Requested size: 845.07512pt x 597.1896pt.
File: /Users/constantin/git/Machine-Learning/a4.pdf Graphic file (type pdf)
<use /Users/constantin/git/Machine-Learning/a4.pdf, page 5>
Package pdftex.def Info: /Users/constantin/git/Machine-Learning/a4.pdf , page5 used on input line 103.
(pdftex.def)             Requested size: 597.55899pt x 422.27727pt.
File: /Users/constantin/git/Machine-Learning/a4.pdf Graphic file (type pdf)
<use /Users/constantin/git/Machine-Learning/a4.pdf, page 5>
Package pdftex.def Info: /Users/constantin/git/Machine-Learning/a4.pdf , page5 used on input line 103.
(pdftex.def)             Requested size: 597.55899pt x 422.27727pt.
File: /Users/constantin/git/Machine-Learning/a4.pdf Graphic file (type pdf)
<use /Users/constantin/git/Machine-Learning/a4.pdf, page 5>
Package pdftex.def Info: /Users/constantin/git/Machine-Learning/a4.pdf , page5 used on input line 103.
(pdftex.def)             Requested size: 597.55899pt x 422.27727pt.
</Users/constantin/git/Machine-Learning/a4.pdf, id=607, page=6, 845.07718pt x 597.19106pt>
File: /Users/constantin/git/Machine-Learning/a4.pdf Graphic file (type pdf)
<use /Users/constantin/git/Machine-Learning/a4.pdf, page 6>
Package pdftex.def Info: /Users/constantin/git/Machine-Learning/a4.pdf , page6 used on input line 103.
(pdftex.def)             Requested size: 597.55899pt x 422.27727pt.
File: /Users/constantin/git/Machine-Learning/a4.pdf Graphic file (type pdf)
<use /Users/constantin/git/Machine-Learning/a4.pdf, page 6>
Package pdftex.def Info: /Users/constantin/git/Machine-Learning/a4.pdf , page6 used on input line 103.
(pdftex.def)             Requested size: 597.55899pt x 422.27727pt.
File: /Users/constantin/git/Machine-Learning/a4.pdf Graphic file (type pdf)
<use /Users/constantin/git/Machine-Learning/a4.pdf, page 5>
Package pdftex.def Info: /Users/constantin/git/Machine-Learning/a4.pdf , page5 used on input line 103.
(pdftex.def)             Requested size: 597.55899pt x 422.27727pt.
File: /Users/constantin/git/Machine-Learning/a4.pdf Graphic file (type pdf)
<use /Users/constantin/git/Machine-Learning/a4.pdf, page 6>
Package pdftex.def Info: /Users/constantin/git/Machine-Learning/a4.pdf , page6 used on input line 103.
(pdftex.def)             Requested size: 597.55899pt x 422.27727pt.
 [16 </Users/constantin/git/Machine-Learning/a4.pdf> </Users/constantin/git/Machine-Learning/a4.pdf>]
File: /Users/constantin/git/Machine-Learning/a4.pdf Graphic file (type pdf)
<use /Users/constantin/git/Machine-Learning/a4.pdf>
Package pdftex.def Info: /Users/constantin/git/Machine-Learning/a4.pdf  used on input line 104.
(pdftex.def)             Requested size: 845.07512pt x 597.1896pt.
File: /Users/constantin/git/Machine-Learning/a4.pdf Graphic file (type pdf)
<use /Users/constantin/git/Machine-Learning/a4.pdf>
Package pdftex.def Info: /Users/constantin/git/Machine-Learning/a4.pdf  used on input line 104.
(pdftex.def)             Requested size: 845.07512pt x 597.1896pt.
</Users/constantin/git/Machine-Learning/a4.pdf, id=628, page=7, 845.07718pt x 597.19106pt>
File: /Users/constantin/git/Machine-Learning/a4.pdf Graphic file (type pdf)
<use /Users/constantin/git/Machine-Learning/a4.pdf, page 7>
Package pdftex.def Info: /Users/constantin/git/Machine-Learning/a4.pdf , page7 used on input line 104.
(pdftex.def)             Requested size: 845.07512pt x 597.1896pt.
File: /Users/constantin/git/Machine-Learning/a4.pdf Graphic file (type pdf)
<use /Users/constantin/git/Machine-Learning/a4.pdf, page 7>
Package pdftex.def Info: /Users/constantin/git/Machine-Learning/a4.pdf , page7 used on input line 104.
(pdftex.def)             Requested size: 597.55899pt x 422.27727pt.
File: /Users/constantin/git/Machine-Learning/a4.pdf Graphic file (type pdf)
<use /Users/constantin/git/Machine-Learning/a4.pdf, page 7>
Package pdftex.def Info: /Users/constantin/git/Machine-Learning/a4.pdf , page7 used on input line 104.
(pdftex.def)             Requested size: 597.55899pt x 422.27727pt.
File: /Users/constantin/git/Machine-Learning/a4.pdf Graphic file (type pdf)
<use /Users/constantin/git/Machine-Learning/a4.pdf, page 7>
Package pdftex.def Info: /Users/constantin/git/Machine-Learning/a4.pdf , page7 used on input line 104.
(pdftex.def)             Requested size: 597.55899pt x 422.27727pt.
</Users/constantin/git/Machine-Learning/a4.pdf, id=629, page=8, 845.07718pt x 597.19106pt>
File: /Users/constantin/git/Machine-Learning/a4.pdf Graphic file (type pdf)
<use /Users/constantin/git/Machine-Learning/a4.pdf, page 8>
Package pdftex.def Info: /Users/constantin/git/Machine-Learning/a4.pdf , page8 used on input line 104.
(pdftex.def)             Requested size: 597.55899pt x 422.27727pt.
File: /Users/constantin/git/Machine-Learning/a4.pdf Graphic file (type pdf)
<use /Users/constantin/git/Machine-Learning/a4.pdf, page 8>
Package pdftex.def Info: /Users/constantin/git/Machine-Learning/a4.pdf , page8 used on input line 104.
(pdftex.def)             Requested size: 597.55899pt x 422.27727pt.
File: /Users/constantin/git/Machine-Learning/a4.pdf Graphic file (type pdf)
<use /Users/constantin/git/Machine-Learning/a4.pdf, page 7>
Package pdftex.def Info: /Users/constantin/git/Machine-Learning/a4.pdf , page7 used on input line 104.
(pdftex.def)             Requested size: 597.55899pt x 422.27727pt.
File: /Users/constantin/git/Machine-Learning/a4.pdf Graphic file (type pdf)
<use /Users/constantin/git/Machine-Learning/a4.pdf, page 8>
Package pdftex.def Info: /Users/constantin/git/Machine-Learning/a4.pdf , page8 used on input line 104.
(pdftex.def)             Requested size: 597.55899pt x 422.27727pt.
 [17 </Users/constantin/git/Machine-Learning/a4.pdf> </Users/constantin/git/Machine-Learning/a4.pdf>]
File: /Users/constantin/git/Machine-Learning/a4.pdf Graphic file (type pdf)
<use /Users/constantin/git/Machine-Learning/a4.pdf>
Package pdftex.def Info: /Users/constantin/git/Machine-Learning/a4.pdf  used on input line 105.
(pdftex.def)             Requested size: 845.07512pt x 597.1896pt.
File: /Users/constantin/git/Machine-Learning/a4.pdf Graphic file (type pdf)
<use /Users/constantin/git/Machine-Learning/a4.pdf>
Package pdftex.def Info: /Users/constantin/git/Machine-Learning/a4.pdf  used on input line 105.
(pdftex.def)             Requested size: 845.07512pt x 597.1896pt.
</Users/constantin/git/Machine-Learning/a4.pdf, id=640, page=9, 845.07718pt x 597.19106pt>
File: /Users/constantin/git/Machine-Learning/a4.pdf Graphic file (type pdf)
<use /Users/constantin/git/Machine-Learning/a4.pdf, page 9>
Package pdftex.def Info: /Users/constantin/git/Machine-Learning/a4.pdf , page9 used on input line 105.
(pdftex.def)             Requested size: 845.07512pt x 597.1896pt.
File: /Users/constantin/git/Machine-Learning/a4.pdf Graphic file (type pdf)
<use /Users/constantin/git/Machine-Learning/a4.pdf, page 9>
Package pdftex.def Info: /Users/constantin/git/Machine-Learning/a4.pdf , page9 used on input line 105.
(pdftex.def)             Requested size: 597.55899pt x 422.27727pt.
File: /Users/constantin/git/Machine-Learning/a4.pdf Graphic file (type pdf)
<use /Users/constantin/git/Machine-Learning/a4.pdf, page 9>
Package pdftex.def Info: /Users/constantin/git/Machine-Learning/a4.pdf , page9 used on input line 105.
(pdftex.def)             Requested size: 597.55899pt x 422.27727pt.
File: /Users/constantin/git/Machine-Learning/a4.pdf Graphic file (type pdf)
<use /Users/constantin/git/Machine-Learning/a4.pdf, page 9>
Package pdftex.def Info: /Users/constantin/git/Machine-Learning/a4.pdf , page9 used on input line 105.
(pdftex.def)             Requested size: 597.55899pt x 422.27727pt.
File: /Users/constantin/git/Machine-Learning/a4.pdf Graphic file (type pdf)
<use /Users/constantin/git/Machine-Learning/a4.pdf, page 9>
Package pdftex.def Info: /Users/constantin/git/Machine-Learning/a4.pdf , page9 used on input line 105.
(pdftex.def)             Requested size: 597.55899pt x 422.27727pt.
File: /Users/constantin/git/Machine-Learning/a4.pdf Graphic file (type pdf)
<use /Users/constantin/git/Machine-Learning/a4.pdf, page 9>
Package pdftex.def Info: /Users/constantin/git/Machine-Learning/a4.pdf , page9 used on input line 105.
(pdftex.def)             Requested size: 597.55899pt x 422.27727pt.
File: /Users/constantin/git/Machine-Learning/a4.pdf Graphic file (type pdf)
<use /Users/constantin/git/Machine-Learning/a4.pdf, page 9>
Package pdftex.def Info: /Users/constantin/git/Machine-Learning/a4.pdf , page9 used on input line 105.
(pdftex.def)             Requested size: 597.55899pt x 422.27727pt.
 [18 </Users/constantin/git/Machine-Learning/a4.pdf>]
</Users/constantin/git/Machine-Learning/b.pdf, id=645, 845.07718pt x 597.19106pt>
File: /Users/constantin/git/Machine-Learning/b.pdf Graphic file (type pdf)
<use /Users/constantin/git/Machine-Learning/b.pdf>
Package pdftex.def Info: /Users/constantin/git/Machine-Learning/b.pdf  used on input line 115.
(pdftex.def)             Requested size: 845.07512pt x 597.1896pt.
File: /Users/constantin/git/Machine-Learning/b.pdf Graphic file (type pdf)
<use /Users/constantin/git/Machine-Learning/b.pdf>
Package pdftex.def Info: /Users/constantin/git/Machine-Learning/b.pdf  used on input line 115.
(pdftex.def)             Requested size: 845.07512pt x 597.1896pt.
</Users/constantin/git/Machine-Learning/b.pdf, id=648, page=1, 845.07718pt x 597.19106pt>
File: /Users/constantin/git/Machine-Learning/b.pdf Graphic file (type pdf)
<use /Users/constantin/git/Machine-Learning/b.pdf, page 1>
Package pdftex.def Info: /Users/constantin/git/Machine-Learning/b.pdf , page1 used on input line 115.
(pdftex.def)             Requested size: 845.07512pt x 597.1896pt.
File: /Users/constantin/git/Machine-Learning/b.pdf Graphic file (type pdf)
<use /Users/constantin/git/Machine-Learning/b.pdf, page 1>
Package pdftex.def Info: /Users/constantin/git/Machine-Learning/b.pdf , page1 used on input line 115.
(pdftex.def)             Requested size: 597.55899pt x 422.27727pt.
 [19]
File: /Users/constantin/git/Machine-Learning/b.pdf Graphic file (type pdf)
<use /Users/constantin/git/Machine-Learning/b.pdf, page 1>
Package pdftex.def Info: /Users/constantin/git/Machine-Learning/b.pdf , page1 used on input line 115.
(pdftex.def)             Requested size: 597.55899pt x 422.27727pt.
File: /Users/constantin/git/Machine-Learning/b.pdf Graphic file (type pdf)
<use /Users/constantin/git/Machine-Learning/b.pdf, page 1>
Package pdftex.def Info: /Users/constantin/git/Machine-Learning/b.pdf , page1 used on input line 115.
(pdftex.def)             Requested size: 597.55899pt x 422.27727pt.
</Users/constantin/git/Machine-Learning/b.pdf, id=653, page=2, 845.07718pt x 597.19106pt>
File: /Users/constantin/git/Machine-Learning/b.pdf Graphic file (type pdf)
<use /Users/constantin/git/Machine-Learning/b.pdf, page 2>
Package pdftex.def Info: /Users/constantin/git/Machine-Learning/b.pdf , page2 used on input line 115.
(pdftex.def)             Requested size: 597.55899pt x 422.27727pt.
File: /Users/constantin/git/Machine-Learning/b.pdf Graphic file (type pdf)
<use /Users/constantin/git/Machine-Learning/b.pdf, page 2>
Package pdftex.def Info: /Users/constantin/git/Machine-Learning/b.pdf , page2 used on input line 115.
(pdftex.def)             Requested size: 597.55899pt x 422.27727pt.
File: /Users/constantin/git/Machine-Learning/b.pdf Graphic file (type pdf)
<use /Users/constantin/git/Machine-Learning/b.pdf, page 1>
Package pdftex.def Info: /Users/constantin/git/Machine-Learning/b.pdf , page1 used on input line 115.
(pdftex.def)             Requested size: 597.55899pt x 422.27727pt.
File: /Users/constantin/git/Machine-Learning/b.pdf Graphic file (type pdf)
<use /Users/constantin/git/Machine-Learning/b.pdf, page 2>
Package pdftex.def Info: /Users/constantin/git/Machine-Learning/b.pdf , page2 used on input line 115.
(pdftex.def)             Requested size: 597.55899pt x 422.27727pt.
 [20 </Users/constantin/git/Machine-Learning/b.pdf> </Users/constantin/git/Machine-Learning/b.pdf>]
File: /Users/constantin/git/Machine-Learning/b.pdf Graphic file (type pdf)
<use /Users/constantin/git/Machine-Learning/b.pdf>
Package pdftex.def Info: /Users/constantin/git/Machine-Learning/b.pdf  used on input line 116.
(pdftex.def)             Requested size: 845.07512pt x 597.1896pt.
File: /Users/constantin/git/Machine-Learning/b.pdf Graphic file (type pdf)
<use /Users/constantin/git/Machine-Learning/b.pdf>
Package pdftex.def Info: /Users/constantin/git/Machine-Learning/b.pdf  used on input line 116.
(pdftex.def)             Requested size: 845.07512pt x 597.1896pt.
</Users/constantin/git/Machine-Learning/b.pdf, id=722, page=3, 845.07718pt x 597.19106pt>
File: /Users/constantin/git/Machine-Learning/b.pdf Graphic file (type pdf)
<use /Users/constantin/git/Machine-Learning/b.pdf, page 3>
Package pdftex.def Info: /Users/constantin/git/Machine-Learning/b.pdf , page3 used on input line 116.
(pdftex.def)             Requested size: 845.07512pt x 597.1896pt.
File: /Users/constantin/git/Machine-Learning/b.pdf Graphic file (type pdf)
<use /Users/constantin/git/Machine-Learning/b.pdf, page 3>
Package pdftex.def Info: /Users/constantin/git/Machine-Learning/b.pdf , page3 used on input line 116.
(pdftex.def)             Requested size: 597.55899pt x 422.27727pt.
File: /Users/constantin/git/Machine-Learning/b.pdf Graphic file (type pdf)
<use /Users/constantin/git/Machine-Learning/b.pdf, page 3>
Package pdftex.def Info: /Users/constantin/git/Machine-Learning/b.pdf , page3 used on input line 116.
(pdftex.def)             Requested size: 597.55899pt x 422.27727pt.
File: /Users/constantin/git/Machine-Learning/b.pdf Graphic file (type pdf)
<use /Users/constantin/git/Machine-Learning/b.pdf, page 3>
Package pdftex.def Info: /Users/constantin/git/Machine-Learning/b.pdf , page3 used on input line 116.
(pdftex.def)             Requested size: 597.55899pt x 422.27727pt.
</Users/constantin/git/Machine-Learning/b.pdf, id=723, page=4, 845.07718pt x 597.19106pt>
File: /Users/constantin/git/Machine-Learning/b.pdf Graphic file (type pdf)
<use /Users/constantin/git/Machine-Learning/b.pdf, page 4>
Package pdftex.def Info: /Users/constantin/git/Machine-Learning/b.pdf , page4 used on input line 116.
(pdftex.def)             Requested size: 597.55899pt x 422.27727pt.
File: /Users/constantin/git/Machine-Learning/b.pdf Graphic file (type pdf)
<use /Users/constantin/git/Machine-Learning/b.pdf, page 4>
Package pdftex.def Info: /Users/constantin/git/Machine-Learning/b.pdf , page4 used on input line 116.
(pdftex.def)             Requested size: 597.55899pt x 422.27727pt.
File: /Users/constantin/git/Machine-Learning/b.pdf Graphic file (type pdf)
<use /Users/constantin/git/Machine-Learning/b.pdf, page 3>
Package pdftex.def Info: /Users/constantin/git/Machine-Learning/b.pdf , page3 used on input line 116.
(pdftex.def)             Requested size: 597.55899pt x 422.27727pt.
File: /Users/constantin/git/Machine-Learning/b.pdf Graphic file (type pdf)
<use /Users/constantin/git/Machine-Learning/b.pdf, page 4>
Package pdftex.def Info: /Users/constantin/git/Machine-Learning/b.pdf , page4 used on input line 116.
(pdftex.def)             Requested size: 597.55899pt x 422.27727pt.
 [21 </Users/constantin/git/Machine-Learning/b.pdf> </Users/constantin/git/Machine-Learning/b.pdf>]
File: /Users/constantin/git/Machine-Learning/b.pdf Graphic file (type pdf)
<use /Users/constantin/git/Machine-Learning/b.pdf>
Package pdftex.def Info: /Users/constantin/git/Machine-Learning/b.pdf  used on input line 117.
(pdftex.def)             Requested size: 845.07512pt x 597.1896pt.
File: /Users/constantin/git/Machine-Learning/b.pdf Graphic file (type pdf)
<use /Users/constantin/git/Machine-Learning/b.pdf>
Package pdftex.def Info: /Users/constantin/git/Machine-Learning/b.pdf  used on input line 117.
(pdftex.def)             Requested size: 845.07512pt x 597.1896pt.
</Users/constantin/git/Machine-Learning/b.pdf, id=776, page=5, 845.07718pt x 597.19106pt>
File: /Users/constantin/git/Machine-Learning/b.pdf Graphic file (type pdf)
<use /Users/constantin/git/Machine-Learning/b.pdf, page 5>
Package pdftex.def Info: /Users/constantin/git/Machine-Learning/b.pdf , page5 used on input line 117.
(pdftex.def)             Requested size: 845.07512pt x 597.1896pt.
File: /Users/constantin/git/Machine-Learning/b.pdf Graphic file (type pdf)
<use /Users/constantin/git/Machine-Learning/b.pdf, page 5>
Package pdftex.def Info: /Users/constantin/git/Machine-Learning/b.pdf , page5 used on input line 117.
(pdftex.def)             Requested size: 597.55899pt x 422.27727pt.
File: /Users/constantin/git/Machine-Learning/b.pdf Graphic file (type pdf)
<use /Users/constantin/git/Machine-Learning/b.pdf, page 5>
Package pdftex.def Info: /Users/constantin/git/Machine-Learning/b.pdf , page5 used on input line 117.
(pdftex.def)             Requested size: 597.55899pt x 422.27727pt.
File: /Users/constantin/git/Machine-Learning/b.pdf Graphic file (type pdf)
<use /Users/constantin/git/Machine-Learning/b.pdf, page 5>
Package pdftex.def Info: /Users/constantin/git/Machine-Learning/b.pdf , page5 used on input line 117.
(pdftex.def)             Requested size: 597.55899pt x 422.27727pt.
</Users/constantin/git/Machine-Learning/b.pdf, id=777, page=6, 845.07718pt x 597.19106pt>
File: /Users/constantin/git/Machine-Learning/b.pdf Graphic file (type pdf)
<use /Users/constantin/git/Machine-Learning/b.pdf, page 6>
Package pdftex.def Info: /Users/constantin/git/Machine-Learning/b.pdf , page6 used on input line 117.
(pdftex.def)             Requested size: 597.55899pt x 422.27727pt.
File: /Users/constantin/git/Machine-Learning/b.pdf Graphic file (type pdf)
<use /Users/constantin/git/Machine-Learning/b.pdf, page 6>
Package pdftex.def Info: /Users/constantin/git/Machine-Learning/b.pdf , page6 used on input line 117.
(pdftex.def)             Requested size: 597.55899pt x 422.27727pt.
File: /Users/constantin/git/Machine-Learning/b.pdf Graphic file (type pdf)
<use /Users/constantin/git/Machine-Learning/b.pdf, page 5>
Package pdftex.def Info: /Users/constantin/git/Machine-Learning/b.pdf , page5 used on input line 117.
(pdftex.def)             Requested size: 597.55899pt x 422.27727pt.
File: /Users/constantin/git/Machine-Learning/b.pdf Graphic file (type pdf)
<use /Users/constantin/git/Machine-Learning/b.pdf, page 6>
Package pdftex.def Info: /Users/constantin/git/Machine-Learning/b.pdf , page6 used on input line 117.
(pdftex.def)             Requested size: 597.55899pt x 422.27727pt.
 [22 </Users/constantin/git/Machine-Learning/b.pdf> </Users/constantin/git/Machine-Learning/b.pdf>]
LaTeX Font Info:    Trying to load font information for T1+cmtt on input line 126.
 (/usr/local/texlive/2022/texmf-dist/tex/latex/base/t1cmtt.fd
File: t1cmtt.fd 2019/12/16 v2.5j Standard LaTeX font definitions
) [23] (out/Arbeit.aux)
Package rerunfilecheck Info: File `Arbeit.out' has not changed.
(rerunfilecheck)             Checksum: EB06B559908E4549DA1814CDA74A7BE3;953.
 ) 
Here is how much of TeX's memory you used:
 14287 strings out of 478268
 238350 string characters out of 5846347
 527926 words of memory out of 5000000
 32239 multiletter control sequences out of 15000+600000
 482553 words of font info for 66 fonts, out of 8000000 for 9000
 1141 hyphenation exceptions out of 8191
 67i,17n,77p,348b,487s stack positions out of 10000i,1000n,20000p,200000b,200000s
{/usr/local/texlive/2022/texmf-dist/fonts/enc/dvips/cm-super/cm-super-t1.enc}{/usr/local/texlive/2022/texmf-dist/fonts/enc/dvips/cm-super/cm-super-ts1.enc}</usr/local/texlive/2022/texmf-dist/fonts/type1/public/cm-super/sfbx1200.pfb></usr/local/texlive/2022/texmf-dist/fonts/type1/public/cm-super/sfbx1440.pfb></usr/local/texlive/2022/texmf-dist/fonts/type1/public/cm-super/sfbx1728.pfb></usr/local/texlive/2022/texmf-dist/fonts/type1/public/cm-super/sfrm1200.pfb></usr/local/texlive/2022/texmf-dist/fonts/type1/public/cm-super/sfrm1440.pfb></usr/local/texlive/2022/texmf-dist/fonts/type1/public/cm-super/sfrm2074.pfb></usr/local/texlive/2022/texmf-dist/fonts/type1/public/cm-super/sftt1200.pfb>
Output written on out/Arbeit.pdf (25 pages, 1213060 bytes).
PDF statistics:
 861 PDF objects out of 1000 (max. 8388607)
 285 compressed objects within 3 object streams
 38 named destinations out of 1000 (max. 500000)
 450 words of extra memory for PDF output out of 10000 (max. 10000000)

